# Stock Analysis Service 开发日志

## 📋 模块基本信息
- **模块名称**: Stock Analysis Service (股票分析核心服务)
- **技术栈**: FastAPI + Python 3.12 + SQLAlchemy + Redis
- **部署端口**: 8000
- **依据文档**: `/docs/internal-design/stock-analysis-service.md`
- **开发开始时间**: 待定
- **当前状态**: 📝 设计完成，代码未开始

## 📋 开发前状态检查

### 基础设施依赖状态
- **PostgreSQL + TimescaleDB**: ✅ 运行中 (端口5432, 运行5小时+)
- **Redis缓存**: ✅ 运行中 (端口6379, 运行5小时+)
- **ChromaDB向量数据库**: ✅ 运行中 (端口8000, 运行4小时+)
- **容器管理**: ✅ Podman 4.9.3 正常运行

### 外部依赖状态
- **AKShare数据源**: ✅ 版本1.17.51 可用
- **API请求库**: ✅ requests, httpx 等可用
- **数据处理库**: ✅ pandas, numpy 等可用

### 服务集成依赖
- **Authentication Service**: 需要端口8004运行
- **Data Service**: 需要端口8003运行 (可选)
- **RAG Service**: 需要端口8001运行 (AI分析增强)

### 设计文档状态
- ✅ 外部设计已定义API接口 (2025-09-16)
- ✅ 内部设计完成，包含数据库表设计 (2025-09-16)
- ✅ AKShare集成方案明确
- ✅ WebSocket实时推送设计完成
- ✅ 接口一致性验证完成
- ⏳ 代码实现未开始

---

*此日志文件跟踪Stock Analysis Service的开发进度。*
*每次开始/结束模块开发工作时请更新此文件。*
*使用详细的时间戳和状态描述来维护开发连续性。*